<?xml version="1.0" encoding="UTF-8"?>
<!-- Generated by org.testng.reporters.JUnitReportReporter -->
<testsuite skipped="0" hostname="DESKTOP-G39R0KJ" name="com.powersys.alquilaAutomation.tests.CreateAdTest" tests="1" failures="0" timestamp="13 dic 2018 21:10:08 GMT" time="11.603" errors="0">
  <testcase name="creatAdtest" time="11.603" classname="com.powersys.alquilaAutomation.tests.CreateAdTest"/>
</testsuite> <!-- com.powersys.alquilaAutomation.tests.CreateAdTest -->
