<?xml version="1.0" encoding="UTF-8"?>
<!-- Generated by org.testng.reporters.JUnitReportReporter -->
<testsuite skipped="0" hostname="DESKTOP-G39R0KJ" name="com.powersys.alquilaAutomation.tests.CreateAdTest87_01" tests="1" failures="0" timestamp="14 dic 2018 19:21:33 GMT" time="17.725" errors="0">
  <testcase name="creatAdtest87_01" time="17.725" classname="com.powersys.alquilaAutomation.tests.CreateAdTest87_01"/>
</testsuite> <!-- com.powersys.alquilaAutomation.tests.CreateAdTest87_01 -->
