<?xml version="1.0" encoding="UTF-8"?>
<!-- Generated by org.testng.reporters.JUnitReportReporter -->
<testsuite skipped="0" hostname="rat" name="com.powersys.alquilaAutomation.tests.CreateAdTest" tests="1" failures="0" timestamp="23 nov 2018 23:07:59 GMT" time="16.631" errors="0">
  <testcase name="creatAdtest" time="16.631" classname="com.powersys.alquilaAutomation.tests.CreateAdTest"/>
</testsuite> <!-- com.powersys.alquilaAutomation.tests.CreateAdTest -->
