<?xml version="1.0" encoding="UTF-8"?>
<!-- Generated by org.testng.reporters.JUnitReportReporter -->
<testsuite skipped="0" hostname="DESKTOP-G39R0KJ" name="com.powersys.alquilaAutomation.tests.CreatAdTest87_03a" tests="1" failures="0" timestamp="13 dic 2018 23:25:55 GMT" time="12.898" errors="0">
  <testcase name="creatAdtest87_03a" time="12.898" classname="com.powersys.alquilaAutomation.tests.CreatAdTest87_03a"/>
</testsuite> <!-- com.powersys.alquilaAutomation.tests.CreatAdTest87_03a -->
