<?xml version="1.0" encoding="UTF-8"?>
<!-- Generated by org.testng.reporters.JUnitReportReporter -->
<testsuite skipped="0" hostname="DESKTOP-G39R0KJ" name="com.powersys.alquilaAutomation.tests.CreateAdTest87_02" tests="1" failures="0" timestamp="13 dic 2018 22:59:55 GMT" time="15.827" errors="0">
  <testcase name="creatAdtest87_02" time="15.827" classname="com.powersys.alquilaAutomation.tests.CreateAdTest87_02"/>
</testsuite> <!-- com.powersys.alquilaAutomation.tests.CreateAdTest87_02 -->
